<?xml version="1.0" encoding="UTF-8"?>
<!-- Generated by org.testng.reporters.JUnitReportReporter -->
<testsuite hostname="DESKTOP-8HHL4FU" failures="0" tests="3" name="com.example.BookVelTest" time="27.139" errors="0" timestamp="09 Nov 2023 22:51:28 GMT" skipped="0">
  <testcase classname="com.example.BookVelTest" name="BHcheck" time="10.940"/>
  <testcase classname="com.example.BookVelTest" name="KWcheck" time="8.096"/>
  <testcase classname="com.example.BookVelTest" name="KSAcheck" time="8.103"/>
</testsuite> <!-- com.example.BookVelTest -->
