<?xml version="1.0" encoding="UTF-8"?>
<!-- Generated by org.testng.reporters.JUnitReportReporter -->
<testsuite hostname="DESKTOP-CTRF9OO" failures="0" tests="1" name="com.example.NavigationTest" time="55.790" errors="0" timestamp="28 Jan 2021 21:07:45 GMT" skipped="0">
  <testcase classname="com.example.NavigationTest" name="checkExpertPageButtons" time="55.790"/>
</testsuite> <!-- com.example.NavigationTest -->
